{"/home/alex/Desktop/Coding/udemy-react-testing-library-projects/color-button/src/components/App.jsx": {"path":"/home/alex/Desktop/Coding/udemy-react-testing-library-projects/color-button/src/components/App.jsx","statementMap":{"0":{"start":{"line":3,"column":12},"end":{"line":17,"column":1}},"1":{"start":{"line":4,"column":40},"end":{"line":4,"column":55}},"2":{"start":{"line":5,"column":25},"end":{"line":5,"column":63}},"3":{"start":{"line":7,"column":2},"end":{"line":16,"column":3}},"4":{"start":{"line":11,"column":23},"end":{"line":11,"column":53}}},"fnMap":{"0":{"name":"(anonymous_0)","decl":{"start":{"line":3,"column":12},"end":{"line":3,"column":13}},"loc":{"start":{"line":3,"column":18},"end":{"line":17,"column":1}},"line":3},"1":{"name":"(anonymous_1)","decl":{"start":{"line":11,"column":17},"end":{"line":11,"column":18}},"loc":{"start":{"line":11,"column":23},"end":{"line":11,"column":53}},"line":11}},"branchMap":{"0":{"loc":{"start":{"line":5,"column":25},"end":{"line":5,"column":63}},"type":"cond-expr","locations":[{"start":{"line":5,"column":49},"end":{"line":5,"column":55}},{"start":{"line":5,"column":58},"end":{"line":5,"column":63}}],"line":5}},"s":{"0":1,"1":2,"2":2,"3":2,"4":1},"f":{"0":2,"1":1},"b":{"0":[1,1]},"_coverageSchema":"1a1c01bbd47fc00a2c39e90264f33305004495a9","hash":"6aab636fd6706f43d71efa49fb2cab5d7cdbb45a"}
}
